ERROR - 2024-08-07 07:50:51 --> Error connecting to the database: mysqli_sql_exception: Access denied for user ''@'localhost' (using password: NO) in C:\xampp8\htdocs\electroland\vendor\codeigniter4\framework\system\Database\MySQLi\Connection.php:187
Stack trace:
#0 C:\xampp8\htdocs\electroland\vendor\codeigniter4\framework\system\Database\MySQLi\Connection.php(187): mysqli->real_connect('localhost', '', '', '', 3306, '', 0)
#1 C:\xampp8\htdocs\electroland\vendor\codeigniter4\framework\system\Database\BaseConnection.php(421): CodeIgniter\Database\MySQLi\Connection->connect(false)
#2 C:\xampp8\htdocs\electroland\vendor\codeigniter4\framework\system\Database\BaseConnection.php(845): CodeIgniter\Database\BaseConnection->initialize()
#3 C:\xampp8\htdocs\electroland\vendor\codeigniter4\framework\system\Database\BaseConnection.php(779): CodeIgniter\Database\BaseConnection->transBegin(false)
#4 C:\xampp8\htdocs\electroland\app\Controllers\Home.php(33): CodeIgniter\Database\BaseConnection->transStart()
#5 C:\xampp8\htdocs\electroland\vendor\codeigniter4\framework\system\CodeIgniter.php(933): App\Controllers\Home->bulkInsert()
#6 C:\xampp8\htdocs\electroland\vendor\codeigniter4\framework\system\CodeIgniter.php(509): CodeIgniter\CodeIgniter->runController(Object(App\Controllers\Home))
#7 C:\xampp8\htdocs\electroland\vendor\codeigniter4\framework\system\CodeIgniter.php(355): CodeIgniter\CodeIgniter->handleRequest(NULL, Object(Config\Cache), false)
#8 C:\xampp8\htdocs\electroland\vendor\codeigniter4\framework\system\Boot.php(325): CodeIgniter\CodeIgniter->run()
#9 C:\xampp8\htdocs\electroland\vendor\codeigniter4\framework\system\Boot.php(67): CodeIgniter\Boot::runCodeIgniter(Object(CodeIgniter\CodeIgniter))
#10 C:\xampp8\htdocs\electroland\public\index.php(56): CodeIgniter\Boot::bootWeb(Object(Config\Paths))
#11 {main}

Next CodeIgniter\Database\Exceptions\DatabaseException: Access denied for user ''@'localhost' (using password: NO) in C:\xampp8\htdocs\electroland\vendor\codeigniter4\framework\system\Database\MySQLi\Connection.php:231
Stack trace:
#0 C:\xampp8\htdocs\electroland\vendor\codeigniter4\framework\system\Database\BaseConnection.php(421): CodeIgniter\Database\MySQLi\Connection->connect(false)
#1 C:\xampp8\htdocs\electroland\vendor\codeigniter4\framework\system\Database\BaseConnection.php(845): CodeIgniter\Database\BaseConnection->initialize()
#2 C:\xampp8\htdocs\electroland\vendor\codeigniter4\framework\system\Database\BaseConnection.php(779): CodeIgniter\Database\BaseConnection->transBegin(false)
#3 C:\xampp8\htdocs\electroland\app\Controllers\Home.php(33): CodeIgniter\Database\BaseConnection->transStart()
#4 C:\xampp8\htdocs\electroland\vendor\codeigniter4\framework\system\CodeIgniter.php(933): App\Controllers\Home->bulkInsert()
#5 C:\xampp8\htdocs\electroland\vendor\codeigniter4\framework\system\CodeIgniter.php(509): CodeIgniter\CodeIgniter->runController(Object(App\Controllers\Home))
#6 C:\xampp8\htdocs\electroland\vendor\codeigniter4\framework\system\CodeIgniter.php(355): CodeIgniter\CodeIgniter->handleRequest(NULL, Object(Config\Cache), false)
#7 C:\xampp8\htdocs\electroland\vendor\codeigniter4\framework\system\Boot.php(325): CodeIgniter\CodeIgniter->run()
#8 C:\xampp8\htdocs\electroland\vendor\codeigniter4\framework\system\Boot.php(67): CodeIgniter\Boot::runCodeIgniter(Object(CodeIgniter\CodeIgniter))
#9 C:\xampp8\htdocs\electroland\public\index.php(56): CodeIgniter\Boot::bootWeb(Object(Config\Paths))
#10 {main}
CRITICAL - 2024-08-07 07:50:51 --> CodeIgniter\Database\Exceptions\DatabaseException: Unable to connect to the database.
Main connection [MySQLi]: Access denied for user ''@'localhost' (using password: NO)
[Method: POST, Route: bulk-insert]
in SYSTEMPATH\Database\BaseConnection.php on line 467.
 1 SYSTEMPATH\Database\BaseConnection.php(845): CodeIgniter\Database\BaseConnection->initialize()
 2 SYSTEMPATH\Database\BaseConnection.php(779): CodeIgniter\Database\BaseConnection->transBegin(false)
 3 APPPATH\Controllers\Home.php(33): CodeIgniter\Database\BaseConnection->transStart()
 4 SYSTEMPATH\CodeIgniter.php(933): App\Controllers\Home->bulkInsert()
 5 SYSTEMPATH\CodeIgniter.php(509): CodeIgniter\CodeIgniter->runController(Object(App\Controllers\Home))
 6 SYSTEMPATH\CodeIgniter.php(355): CodeIgniter\CodeIgniter->handleRequest(null, Object(Config\Cache), false)
 7 SYSTEMPATH\Boot.php(325): CodeIgniter\CodeIgniter->run()
 8 SYSTEMPATH\Boot.php(67): CodeIgniter\Boot::runCodeIgniter(Object(CodeIgniter\CodeIgniter))
 9 FCPATH\index.php(56): CodeIgniter\Boot::bootWeb(Object(Config\Paths))
ERROR - 2024-08-07 07:50:55 --> Error connecting to the database: mysqli_sql_exception: Access denied for user ''@'localhost' (using password: NO) in C:\xampp8\htdocs\electroland\vendor\codeigniter4\framework\system\Database\MySQLi\Connection.php:187
Stack trace:
#0 C:\xampp8\htdocs\electroland\vendor\codeigniter4\framework\system\Database\MySQLi\Connection.php(187): mysqli->real_connect('localhost', '', '', '', 3306, '', 0)
#1 C:\xampp8\htdocs\electroland\vendor\codeigniter4\framework\system\Database\BaseConnection.php(421): CodeIgniter\Database\MySQLi\Connection->connect(false)
#2 C:\xampp8\htdocs\electroland\vendor\codeigniter4\framework\system\Database\BaseConnection.php(845): CodeIgniter\Database\BaseConnection->initialize()
#3 C:\xampp8\htdocs\electroland\vendor\codeigniter4\framework\system\Database\BaseConnection.php(779): CodeIgniter\Database\BaseConnection->transBegin(false)
#4 C:\xampp8\htdocs\electroland\app\Controllers\Home.php(33): CodeIgniter\Database\BaseConnection->transStart()
#5 C:\xampp8\htdocs\electroland\vendor\codeigniter4\framework\system\CodeIgniter.php(933): App\Controllers\Home->bulkInsert()
#6 C:\xampp8\htdocs\electroland\vendor\codeigniter4\framework\system\CodeIgniter.php(509): CodeIgniter\CodeIgniter->runController(Object(App\Controllers\Home))
#7 C:\xampp8\htdocs\electroland\vendor\codeigniter4\framework\system\CodeIgniter.php(355): CodeIgniter\CodeIgniter->handleRequest(NULL, Object(Config\Cache), false)
#8 C:\xampp8\htdocs\electroland\vendor\codeigniter4\framework\system\Boot.php(325): CodeIgniter\CodeIgniter->run()
#9 C:\xampp8\htdocs\electroland\vendor\codeigniter4\framework\system\Boot.php(67): CodeIgniter\Boot::runCodeIgniter(Object(CodeIgniter\CodeIgniter))
#10 C:\xampp8\htdocs\electroland\public\index.php(56): CodeIgniter\Boot::bootWeb(Object(Config\Paths))
#11 {main}

Next CodeIgniter\Database\Exceptions\DatabaseException: Access denied for user ''@'localhost' (using password: NO) in C:\xampp8\htdocs\electroland\vendor\codeigniter4\framework\system\Database\MySQLi\Connection.php:231
Stack trace:
#0 C:\xampp8\htdocs\electroland\vendor\codeigniter4\framework\system\Database\BaseConnection.php(421): CodeIgniter\Database\MySQLi\Connection->connect(false)
#1 C:\xampp8\htdocs\electroland\vendor\codeigniter4\framework\system\Database\BaseConnection.php(845): CodeIgniter\Database\BaseConnection->initialize()
#2 C:\xampp8\htdocs\electroland\vendor\codeigniter4\framework\system\Database\BaseConnection.php(779): CodeIgniter\Database\BaseConnection->transBegin(false)
#3 C:\xampp8\htdocs\electroland\app\Controllers\Home.php(33): CodeIgniter\Database\BaseConnection->transStart()
#4 C:\xampp8\htdocs\electroland\vendor\codeigniter4\framework\system\CodeIgniter.php(933): App\Controllers\Home->bulkInsert()
#5 C:\xampp8\htdocs\electroland\vendor\codeigniter4\framework\system\CodeIgniter.php(509): CodeIgniter\CodeIgniter->runController(Object(App\Controllers\Home))
#6 C:\xampp8\htdocs\electroland\vendor\codeigniter4\framework\system\CodeIgniter.php(355): CodeIgniter\CodeIgniter->handleRequest(NULL, Object(Config\Cache), false)
#7 C:\xampp8\htdocs\electroland\vendor\codeigniter4\framework\system\Boot.php(325): CodeIgniter\CodeIgniter->run()
#8 C:\xampp8\htdocs\electroland\vendor\codeigniter4\framework\system\Boot.php(67): CodeIgniter\Boot::runCodeIgniter(Object(CodeIgniter\CodeIgniter))
#9 C:\xampp8\htdocs\electroland\public\index.php(56): CodeIgniter\Boot::bootWeb(Object(Config\Paths))
#10 {main}
CRITICAL - 2024-08-07 07:50:55 --> CodeIgniter\Database\Exceptions\DatabaseException: Unable to connect to the database.
Main connection [MySQLi]: Access denied for user ''@'localhost' (using password: NO)
[Method: POST, Route: bulk-insert]
in SYSTEMPATH\Database\BaseConnection.php on line 467.
 1 SYSTEMPATH\Database\BaseConnection.php(845): CodeIgniter\Database\BaseConnection->initialize()
 2 SYSTEMPATH\Database\BaseConnection.php(779): CodeIgniter\Database\BaseConnection->transBegin(false)
 3 APPPATH\Controllers\Home.php(33): CodeIgniter\Database\BaseConnection->transStart()
 4 SYSTEMPATH\CodeIgniter.php(933): App\Controllers\Home->bulkInsert()
 5 SYSTEMPATH\CodeIgniter.php(509): CodeIgniter\CodeIgniter->runController(Object(App\Controllers\Home))
 6 SYSTEMPATH\CodeIgniter.php(355): CodeIgniter\CodeIgniter->handleRequest(null, Object(Config\Cache), false)
 7 SYSTEMPATH\Boot.php(325): CodeIgniter\CodeIgniter->run()
 8 SYSTEMPATH\Boot.php(67): CodeIgniter\Boot::runCodeIgniter(Object(CodeIgniter\CodeIgniter))
 9 FCPATH\index.php(56): CodeIgniter\Boot::bootWeb(Object(Config\Paths))
ERROR - 2024-08-07 07:57:07 --> Error connecting to the database: mysqli_sql_exception: Access denied for user ''@'localhost' (using password: NO) in C:\xampp8\htdocs\electroland\vendor\codeigniter4\framework\system\Database\MySQLi\Connection.php:187
Stack trace:
#0 C:\xampp8\htdocs\electroland\vendor\codeigniter4\framework\system\Database\MySQLi\Connection.php(187): mysqli->real_connect('localhost', '', '', '', 3306, '', 0)
#1 C:\xampp8\htdocs\electroland\vendor\codeigniter4\framework\system\Database\BaseConnection.php(421): CodeIgniter\Database\MySQLi\Connection->connect(false)
#2 C:\xampp8\htdocs\electroland\vendor\codeigniter4\framework\system\Database\BaseConnection.php(845): CodeIgniter\Database\BaseConnection->initialize()
#3 C:\xampp8\htdocs\electroland\vendor\codeigniter4\framework\system\Database\BaseConnection.php(779): CodeIgniter\Database\BaseConnection->transBegin(false)
#4 C:\xampp8\htdocs\electroland\app\Controllers\Home.php(46): CodeIgniter\Database\BaseConnection->transStart()
#5 C:\xampp8\htdocs\electroland\vendor\codeigniter4\framework\system\CodeIgniter.php(933): App\Controllers\Home->bulkInsert()
#6 C:\xampp8\htdocs\electroland\vendor\codeigniter4\framework\system\CodeIgniter.php(509): CodeIgniter\CodeIgniter->runController(Object(App\Controllers\Home))
#7 C:\xampp8\htdocs\electroland\vendor\codeigniter4\framework\system\CodeIgniter.php(355): CodeIgniter\CodeIgniter->handleRequest(NULL, Object(Config\Cache), false)
#8 C:\xampp8\htdocs\electroland\vendor\codeigniter4\framework\system\Boot.php(325): CodeIgniter\CodeIgniter->run()
#9 C:\xampp8\htdocs\electroland\vendor\codeigniter4\framework\system\Boot.php(67): CodeIgniter\Boot::runCodeIgniter(Object(CodeIgniter\CodeIgniter))
#10 C:\xampp8\htdocs\electroland\public\index.php(56): CodeIgniter\Boot::bootWeb(Object(Config\Paths))
#11 {main}

Next CodeIgniter\Database\Exceptions\DatabaseException: Access denied for user ''@'localhost' (using password: NO) in C:\xampp8\htdocs\electroland\vendor\codeigniter4\framework\system\Database\MySQLi\Connection.php:231
Stack trace:
#0 C:\xampp8\htdocs\electroland\vendor\codeigniter4\framework\system\Database\BaseConnection.php(421): CodeIgniter\Database\MySQLi\Connection->connect(false)
#1 C:\xampp8\htdocs\electroland\vendor\codeigniter4\framework\system\Database\BaseConnection.php(845): CodeIgniter\Database\BaseConnection->initialize()
#2 C:\xampp8\htdocs\electroland\vendor\codeigniter4\framework\system\Database\BaseConnection.php(779): CodeIgniter\Database\BaseConnection->transBegin(false)
#3 C:\xampp8\htdocs\electroland\app\Controllers\Home.php(46): CodeIgniter\Database\BaseConnection->transStart()
#4 C:\xampp8\htdocs\electroland\vendor\codeigniter4\framework\system\CodeIgniter.php(933): App\Controllers\Home->bulkInsert()
#5 C:\xampp8\htdocs\electroland\vendor\codeigniter4\framework\system\CodeIgniter.php(509): CodeIgniter\CodeIgniter->runController(Object(App\Controllers\Home))
#6 C:\xampp8\htdocs\electroland\vendor\codeigniter4\framework\system\CodeIgniter.php(355): CodeIgniter\CodeIgniter->handleRequest(NULL, Object(Config\Cache), false)
#7 C:\xampp8\htdocs\electroland\vendor\codeigniter4\framework\system\Boot.php(325): CodeIgniter\CodeIgniter->run()
#8 C:\xampp8\htdocs\electroland\vendor\codeigniter4\framework\system\Boot.php(67): CodeIgniter\Boot::runCodeIgniter(Object(CodeIgniter\CodeIgniter))
#9 C:\xampp8\htdocs\electroland\public\index.php(56): CodeIgniter\Boot::bootWeb(Object(Config\Paths))
#10 {main}
CRITICAL - 2024-08-07 07:57:07 --> CodeIgniter\Database\Exceptions\DatabaseException: Unable to connect to the database.
Main connection [MySQLi]: Access denied for user ''@'localhost' (using password: NO)
[Method: POST, Route: bulk-insert]
in SYSTEMPATH\Database\BaseConnection.php on line 467.
 1 SYSTEMPATH\Database\BaseConnection.php(845): CodeIgniter\Database\BaseConnection->initialize()
 2 SYSTEMPATH\Database\BaseConnection.php(779): CodeIgniter\Database\BaseConnection->transBegin(false)
 3 APPPATH\Controllers\Home.php(46): CodeIgniter\Database\BaseConnection->transStart()
 4 SYSTEMPATH\CodeIgniter.php(933): App\Controllers\Home->bulkInsert()
 5 SYSTEMPATH\CodeIgniter.php(509): CodeIgniter\CodeIgniter->runController(Object(App\Controllers\Home))
 6 SYSTEMPATH\CodeIgniter.php(355): CodeIgniter\CodeIgniter->handleRequest(null, Object(Config\Cache), false)
 7 SYSTEMPATH\Boot.php(325): CodeIgniter\CodeIgniter->run()
 8 SYSTEMPATH\Boot.php(67): CodeIgniter\Boot::runCodeIgniter(Object(CodeIgniter\CodeIgniter))
 9 FCPATH\index.php(56): CodeIgniter\Boot::bootWeb(Object(Config\Paths))
CRITICAL - 2024-08-07 08:01:53 --> ParseError: syntax error, unexpected token "if", expecting ";"
[Method: GET, Route: /]
in APPPATH\Controllers\Home.php on line 70.
 1 VENDORPATH\composer\ClassLoader.php(428): Composer\Autoload\includeFile('C:\\xampp8\\htdocs\\electroland\\vendor\\composer/../../app/Controllers/Home.php')
 2 [internal function]: Composer\Autoload\ClassLoader->loadClass('App\\Controllers\\Home')
 3 SYSTEMPATH\CodeIgniter.php(887): class_exists('\\App\\Controllers\\Home', true)
 4 SYSTEMPATH\CodeIgniter.php(496): CodeIgniter\CodeIgniter->startController()
 5 SYSTEMPATH\CodeIgniter.php(355): CodeIgniter\CodeIgniter->handleRequest(null, Object(Config\Cache), false)
 6 SYSTEMPATH\Boot.php(325): CodeIgniter\CodeIgniter->run()
 7 SYSTEMPATH\Boot.php(67): CodeIgniter\Boot::runCodeIgniter(Object(CodeIgniter\CodeIgniter))
 8 FCPATH\index.php(56): CodeIgniter\Boot::bootWeb(Object(Config\Paths))
CRITICAL - 2024-08-07 08:02:15 --> ParseError: syntax error, unexpected token "if", expecting ";"
[Method: GET, Route: /]
in APPPATH\Controllers\Home.php on line 70.
 1 VENDORPATH\composer\ClassLoader.php(428): Composer\Autoload\includeFile('C:\\xampp8\\htdocs\\electroland\\vendor\\composer/../../app/Controllers/Home.php')
 2 [internal function]: Composer\Autoload\ClassLoader->loadClass('App\\Controllers\\Home')
 3 SYSTEMPATH\CodeIgniter.php(887): class_exists('\\App\\Controllers\\Home', true)
 4 SYSTEMPATH\CodeIgniter.php(496): CodeIgniter\CodeIgniter->startController()
 5 SYSTEMPATH\CodeIgniter.php(355): CodeIgniter\CodeIgniter->handleRequest(null, Object(Config\Cache), false)
 6 SYSTEMPATH\Boot.php(325): CodeIgniter\CodeIgniter->run()
 7 SYSTEMPATH\Boot.php(67): CodeIgniter\Boot::runCodeIgniter(Object(CodeIgniter\CodeIgniter))
 8 FCPATH\index.php(56): CodeIgniter\Boot::bootWeb(Object(Config\Paths))
CRITICAL - 2024-08-07 08:02:28 --> ParseError: syntax error, unexpected token "if", expecting ";"
[Method: GET, Route: /]
in APPPATH\Controllers\Home.php on line 66.
 1 VENDORPATH\composer\ClassLoader.php(428): Composer\Autoload\includeFile('C:\\xampp8\\htdocs\\electroland\\vendor\\composer/../../app/Controllers/Home.php')
 2 [internal function]: Composer\Autoload\ClassLoader->loadClass('App\\Controllers\\Home')
 3 SYSTEMPATH\CodeIgniter.php(887): class_exists('\\App\\Controllers\\Home', true)
 4 SYSTEMPATH\CodeIgniter.php(496): CodeIgniter\CodeIgniter->startController()
 5 SYSTEMPATH\CodeIgniter.php(355): CodeIgniter\CodeIgniter->handleRequest(null, Object(Config\Cache), false)
 6 SYSTEMPATH\Boot.php(325): CodeIgniter\CodeIgniter->run()
 7 SYSTEMPATH\Boot.php(67): CodeIgniter\Boot::runCodeIgniter(Object(CodeIgniter\CodeIgniter))
 8 FCPATH\index.php(56): CodeIgniter\Boot::bootWeb(Object(Config\Paths))
CRITICAL - 2024-08-07 08:02:49 --> ParseError: syntax error, unexpected token "if", expecting ";"
[Method: GET, Route: /]
in APPPATH\Controllers\Home.php on line 69.
 1 VENDORPATH\composer\ClassLoader.php(428): Composer\Autoload\includeFile('C:\\xampp8\\htdocs\\electroland\\vendor\\composer/../../app/Controllers/Home.php')
 2 [internal function]: Composer\Autoload\ClassLoader->loadClass('App\\Controllers\\Home')
 3 SYSTEMPATH\CodeIgniter.php(887): class_exists('\\App\\Controllers\\Home', true)
 4 SYSTEMPATH\CodeIgniter.php(496): CodeIgniter\CodeIgniter->startController()
 5 SYSTEMPATH\CodeIgniter.php(355): CodeIgniter\CodeIgniter->handleRequest(null, Object(Config\Cache), false)
 6 SYSTEMPATH\Boot.php(325): CodeIgniter\CodeIgniter->run()
 7 SYSTEMPATH\Boot.php(67): CodeIgniter\Boot::runCodeIgniter(Object(CodeIgniter\CodeIgniter))
 8 FCPATH\index.php(56): CodeIgniter\Boot::bootWeb(Object(Config\Paths))
CRITICAL - 2024-08-07 08:03:33 --> Error: Class "App\Controllers\IOFactory" not found
[Method: POST, Route: bulk-insert]
in APPPATH\Controllers\Home.php on line 31.
 1 SYSTEMPATH\CodeIgniter.php(933): App\Controllers\Home->upload()
 2 SYSTEMPATH\CodeIgniter.php(509): CodeIgniter\CodeIgniter->runController(Object(App\Controllers\Home))
 3 SYSTEMPATH\CodeIgniter.php(355): CodeIgniter\CodeIgniter->handleRequest(null, Object(Config\Cache), false)
 4 SYSTEMPATH\Boot.php(325): CodeIgniter\CodeIgniter->run()
 5 SYSTEMPATH\Boot.php(67): CodeIgniter\Boot::runCodeIgniter(Object(CodeIgniter\CodeIgniter))
 6 FCPATH\index.php(56): CodeIgniter\Boot::bootWeb(Object(Config\Paths))
CRITICAL - 2024-08-07 08:05:01 --> Error: Class "App\Controllers\IOFactory" not found
[Method: POST, Route: bulkinsert]
in APPPATH\Controllers\Home.php on line 31.
 1 SYSTEMPATH\CodeIgniter.php(933): App\Controllers\Home->upload()
 2 SYSTEMPATH\CodeIgniter.php(509): CodeIgniter\CodeIgniter->runController(Object(App\Controllers\Home))
 3 SYSTEMPATH\CodeIgniter.php(355): CodeIgniter\CodeIgniter->handleRequest(null, Object(Config\Cache), false)
 4 SYSTEMPATH\Boot.php(325): CodeIgniter\CodeIgniter->run()
 5 SYSTEMPATH\Boot.php(67): CodeIgniter\Boot::runCodeIgniter(Object(CodeIgniter\CodeIgniter))
 6 FCPATH\index.php(56): CodeIgniter\Boot::bootWeb(Object(Config\Paths))
CRITICAL - 2024-08-07 08:05:38 --> Error: Class "App\Controllers\IOFactory" not found
[Method: POST, Route: bulkinsert]
in APPPATH\Controllers\Home.php on line 31.
 1 SYSTEMPATH\CodeIgniter.php(933): App\Controllers\Home->upload()
 2 SYSTEMPATH\CodeIgniter.php(509): CodeIgniter\CodeIgniter->runController(Object(App\Controllers\Home))
 3 SYSTEMPATH\CodeIgniter.php(355): CodeIgniter\CodeIgniter->handleRequest(null, Object(Config\Cache), false)
 4 SYSTEMPATH\Boot.php(325): CodeIgniter\CodeIgniter->run()
 5 SYSTEMPATH\Boot.php(67): CodeIgniter\Boot::runCodeIgniter(Object(CodeIgniter\CodeIgniter))
 6 FCPATH\index.php(56): CodeIgniter\Boot::bootWeb(Object(Config\Paths))
CRITICAL - 2024-08-07 08:05:49 --> Error: Class "App\Controllers\IOFactory" not found
[Method: POST, Route: bulkinsert]
in APPPATH\Controllers\Home.php on line 31.
 1 SYSTEMPATH\CodeIgniter.php(933): App\Controllers\Home->upload()
 2 SYSTEMPATH\CodeIgniter.php(509): CodeIgniter\CodeIgniter->runController(Object(App\Controllers\Home))
 3 SYSTEMPATH\CodeIgniter.php(355): CodeIgniter\CodeIgniter->handleRequest(null, Object(Config\Cache), false)
 4 SYSTEMPATH\Boot.php(325): CodeIgniter\CodeIgniter->run()
 5 SYSTEMPATH\Boot.php(67): CodeIgniter\Boot::runCodeIgniter(Object(CodeIgniter\CodeIgniter))
 6 FCPATH\index.php(56): CodeIgniter\Boot::bootWeb(Object(Config\Paths))
CRITICAL - 2024-08-07 08:07:03 --> Error: Class "App\Controllers\IOFactory" not found
[Method: POST, Route: bulkinsert]
in APPPATH\Controllers\Home.php on line 31.
 1 SYSTEMPATH\CodeIgniter.php(933): App\Controllers\Home->upload()
 2 SYSTEMPATH\CodeIgniter.php(509): CodeIgniter\CodeIgniter->runController(Object(App\Controllers\Home))
 3 SYSTEMPATH\CodeIgniter.php(355): CodeIgniter\CodeIgniter->handleRequest(null, Object(Config\Cache), false)
 4 SYSTEMPATH\Boot.php(325): CodeIgniter\CodeIgniter->run()
 5 SYSTEMPATH\Boot.php(67): CodeIgniter\Boot::runCodeIgniter(Object(CodeIgniter\CodeIgniter))
 6 FCPATH\index.php(56): CodeIgniter\Boot::bootWeb(Object(Config\Paths))
CRITICAL - 2024-08-07 08:07:14 --> Error: Class "App\Controllers\IOFactory" not found
[Method: POST, Route: bulkinsert]
in APPPATH\Controllers\Home.php on line 31.
 1 SYSTEMPATH\CodeIgniter.php(933): App\Controllers\Home->upload()
 2 SYSTEMPATH\CodeIgniter.php(509): CodeIgniter\CodeIgniter->runController(Object(App\Controllers\Home))
 3 SYSTEMPATH\CodeIgniter.php(355): CodeIgniter\CodeIgniter->handleRequest(null, Object(Config\Cache), false)
 4 SYSTEMPATH\Boot.php(325): CodeIgniter\CodeIgniter->run()
 5 SYSTEMPATH\Boot.php(67): CodeIgniter\Boot::runCodeIgniter(Object(CodeIgniter\CodeIgniter))
 6 FCPATH\index.php(56): CodeIgniter\Boot::bootWeb(Object(Config\Paths))
CRITICAL - 2024-08-07 08:09:26 --> Error: Class "App\Controllers\IOFactory" not found
[Method: POST, Route: bulkinsert]
in APPPATH\Controllers\Home.php on line 35.
 1 SYSTEMPATH\CodeIgniter.php(933): App\Controllers\Home->upload()
 2 SYSTEMPATH\CodeIgniter.php(509): CodeIgniter\CodeIgniter->runController(Object(App\Controllers\Home))
 3 SYSTEMPATH\CodeIgniter.php(355): CodeIgniter\CodeIgniter->handleRequest(null, Object(Config\Cache), false)
 4 SYSTEMPATH\Boot.php(325): CodeIgniter\CodeIgniter->run()
 5 SYSTEMPATH\Boot.php(67): CodeIgniter\Boot::runCodeIgniter(Object(CodeIgniter\CodeIgniter))
 6 FCPATH\index.php(56): CodeIgniter\Boot::bootWeb(Object(Config\Paths))
CRITICAL - 2024-08-07 08:11:01 --> Error: Class "PhpOffice\PhpSpreadsheet\IOFactory" not found
[Method: POST, Route: bulkinsert]
in APPPATH\Controllers\Home.php on line 40.
 1 SYSTEMPATH\CodeIgniter.php(933): App\Controllers\Home->upload()
 2 SYSTEMPATH\CodeIgniter.php(509): CodeIgniter\CodeIgniter->runController(Object(App\Controllers\Home))
 3 SYSTEMPATH\CodeIgniter.php(355): CodeIgniter\CodeIgniter->handleRequest(null, Object(Config\Cache), false)
 4 SYSTEMPATH\Boot.php(325): CodeIgniter\CodeIgniter->run()
 5 SYSTEMPATH\Boot.php(67): CodeIgniter\Boot::runCodeIgniter(Object(CodeIgniter\CodeIgniter))
 6 FCPATH\index.php(56): CodeIgniter\Boot::bootWeb(Object(Config\Paths))
CRITICAL - 2024-08-07 08:11:11 --> Error: Class "PhpOffice\PhpSpreadsheet\IOFactory" not found
[Method: POST, Route: bulkinsert]
in APPPATH\Controllers\Home.php on line 40.
 1 SYSTEMPATH\CodeIgniter.php(933): App\Controllers\Home->upload()
 2 SYSTEMPATH\CodeIgniter.php(509): CodeIgniter\CodeIgniter->runController(Object(App\Controllers\Home))
 3 SYSTEMPATH\CodeIgniter.php(355): CodeIgniter\CodeIgniter->handleRequest(null, Object(Config\Cache), false)
 4 SYSTEMPATH\Boot.php(325): CodeIgniter\CodeIgniter->run()
 5 SYSTEMPATH\Boot.php(67): CodeIgniter\Boot::runCodeIgniter(Object(CodeIgniter\CodeIgniter))
 6 FCPATH\index.php(56): CodeIgniter\Boot::bootWeb(Object(Config\Paths))
CRITICAL - 2024-08-07 08:12:12 --> Error: Class "PhpOffice\PhpSpreadsheet\IOFactory" not found
[Method: POST, Route: bulkinsert]
in APPPATH\Controllers\Home.php on line 40.
 1 SYSTEMPATH\CodeIgniter.php(933): App\Controllers\Home->upload()
 2 SYSTEMPATH\CodeIgniter.php(509): CodeIgniter\CodeIgniter->runController(Object(App\Controllers\Home))
 3 SYSTEMPATH\CodeIgniter.php(355): CodeIgniter\CodeIgniter->handleRequest(null, Object(Config\Cache), false)
 4 SYSTEMPATH\Boot.php(325): CodeIgniter\CodeIgniter->run()
 5 SYSTEMPATH\Boot.php(67): CodeIgniter\Boot::runCodeIgniter(Object(CodeIgniter\CodeIgniter))
 6 FCPATH\index.php(56): CodeIgniter\Boot::bootWeb(Object(Config\Paths))
CRITICAL - 2024-08-07 08:19:06 --> Error: Class "PhpOffice\PhpSpreadsheet\IOFactory" not found
[Method: POST, Route: bulkinsert]
in APPPATH\Controllers\Home.php on line 40.
 1 SYSTEMPATH\CodeIgniter.php(933): App\Controllers\Home->upload()
 2 SYSTEMPATH\CodeIgniter.php(509): CodeIgniter\CodeIgniter->runController(Object(App\Controllers\Home))
 3 SYSTEMPATH\CodeIgniter.php(355): CodeIgniter\CodeIgniter->handleRequest(null, Object(Config\Cache), false)
 4 SYSTEMPATH\Boot.php(325): CodeIgniter\CodeIgniter->run()
 5 SYSTEMPATH\Boot.php(67): CodeIgniter\Boot::runCodeIgniter(Object(CodeIgniter\CodeIgniter))
 6 FCPATH\index.php(56): CodeIgniter\Boot::bootWeb(Object(Config\Paths))
CRITICAL - 2024-08-07 08:19:10 --> Error: Class "PhpOffice\PhpSpreadsheet\IOFactory" not found
[Method: POST, Route: bulkinsert]
in APPPATH\Controllers\Home.php on line 40.
 1 SYSTEMPATH\CodeIgniter.php(933): App\Controllers\Home->upload()
 2 SYSTEMPATH\CodeIgniter.php(509): CodeIgniter\CodeIgniter->runController(Object(App\Controllers\Home))
 3 SYSTEMPATH\CodeIgniter.php(355): CodeIgniter\CodeIgniter->handleRequest(null, Object(Config\Cache), false)
 4 SYSTEMPATH\Boot.php(325): CodeIgniter\CodeIgniter->run()
 5 SYSTEMPATH\Boot.php(67): CodeIgniter\Boot::runCodeIgniter(Object(CodeIgniter\CodeIgniter))
 6 FCPATH\index.php(56): CodeIgniter\Boot::bootWeb(Object(Config\Paths))
CRITICAL - 2024-08-07 08:20:31 --> Error: Class "PhpOffice\PhpSpreadsheet\IOFactory" not found
[Method: POST, Route: bulkinsert]
in APPPATH\Controllers\Home.php on line 40.
 1 SYSTEMPATH\CodeIgniter.php(933): App\Controllers\Home->upload()
 2 SYSTEMPATH\CodeIgniter.php(509): CodeIgniter\CodeIgniter->runController(Object(App\Controllers\Home))
 3 SYSTEMPATH\CodeIgniter.php(355): CodeIgniter\CodeIgniter->handleRequest(null, Object(Config\Cache), false)
 4 SYSTEMPATH\Boot.php(325): CodeIgniter\CodeIgniter->run()
 5 SYSTEMPATH\Boot.php(67): CodeIgniter\Boot::runCodeIgniter(Object(CodeIgniter\CodeIgniter))
 6 FCPATH\index.php(56): CodeIgniter\Boot::bootWeb(Object(Config\Paths))
ERROR - 2024-08-07 08:24:08 --> Error connecting to the database: mysqli_sql_exception: Access denied for user ''@'localhost' (using password: NO) in C:\xampp8\htdocs\electroland\vendor\codeigniter4\framework\system\Database\MySQLi\Connection.php:187
Stack trace:
#0 C:\xampp8\htdocs\electroland\vendor\codeigniter4\framework\system\Database\MySQLi\Connection.php(187): mysqli->real_connect('localhost', '', '', '', 3306, '', 0)
#1 C:\xampp8\htdocs\electroland\vendor\codeigniter4\framework\system\Database\BaseConnection.php(421): CodeIgniter\Database\MySQLi\Connection->connect(false)
#2 C:\xampp8\htdocs\electroland\vendor\codeigniter4\framework\system\Database\MySQLi\Connection.php(352): CodeIgniter\Database\BaseConnection->initialize()
#3 C:\xampp8\htdocs\electroland\vendor\codeigniter4\framework\system\Database\BaseConnection.php(1372): CodeIgniter\Database\MySQLi\Connection->_escapeString('3.08%')
#4 C:\xampp8\htdocs\electroland\vendor\codeigniter4\framework\system\Database\BaseConnection.php(1336): CodeIgniter\Database\BaseConnection->escapeString('3.08%')
#5 C:\xampp8\htdocs\electroland\vendor\codeigniter4\framework\system\Database\BaseBuilder.php(1894): CodeIgniter\Database\BaseConnection->escape('3.08%')
#6 C:\xampp8\htdocs\electroland\vendor\codeigniter4\framework\system\Database\BaseBuilder.php(2222): CodeIgniter\Database\BaseBuilder->setData(Array, true)
#7 C:\xampp8\htdocs\electroland\app\Controllers\Home.php(65): CodeIgniter\Database\BaseBuilder->insertBatch(Array)
#8 C:\xampp8\htdocs\electroland\vendor\codeigniter4\framework\system\CodeIgniter.php(933): App\Controllers\Home->upload()
#9 C:\xampp8\htdocs\electroland\vendor\codeigniter4\framework\system\CodeIgniter.php(509): CodeIgniter\CodeIgniter->runController(Object(App\Controllers\Home))
#10 C:\xampp8\htdocs\electroland\vendor\codeigniter4\framework\system\CodeIgniter.php(355): CodeIgniter\CodeIgniter->handleRequest(NULL, Object(Config\Cache), false)
#11 C:\xampp8\htdocs\electroland\vendor\codeigniter4\framework\system\Boot.php(325): CodeIgniter\CodeIgniter->run()
#12 C:\xampp8\htdocs\electroland\vendor\codeigniter4\framework\system\Boot.php(67): CodeIgniter\Boot::runCodeIgniter(Object(CodeIgniter\CodeIgniter))
#13 C:\xampp8\htdocs\electroland\public\index.php(56): CodeIgniter\Boot::bootWeb(Object(Config\Paths))
#14 {main}

Next CodeIgniter\Database\Exceptions\DatabaseException: Access denied for user ''@'localhost' (using password: NO) in C:\xampp8\htdocs\electroland\vendor\codeigniter4\framework\system\Database\MySQLi\Connection.php:231
Stack trace:
#0 C:\xampp8\htdocs\electroland\vendor\codeigniter4\framework\system\Database\BaseConnection.php(421): CodeIgniter\Database\MySQLi\Connection->connect(false)
#1 C:\xampp8\htdocs\electroland\vendor\codeigniter4\framework\system\Database\MySQLi\Connection.php(352): CodeIgniter\Database\BaseConnection->initialize()
#2 C:\xampp8\htdocs\electroland\vendor\codeigniter4\framework\system\Database\BaseConnection.php(1372): CodeIgniter\Database\MySQLi\Connection->_escapeString('3.08%')
#3 C:\xampp8\htdocs\electroland\vendor\codeigniter4\framework\system\Database\BaseConnection.php(1336): CodeIgniter\Database\BaseConnection->escapeString('3.08%')
#4 C:\xampp8\htdocs\electroland\vendor\codeigniter4\framework\system\Database\BaseBuilder.php(1894): CodeIgniter\Database\BaseConnection->escape('3.08%')
#5 C:\xampp8\htdocs\electroland\vendor\codeigniter4\framework\system\Database\BaseBuilder.php(2222): CodeIgniter\Database\BaseBuilder->setData(Array, true)
#6 C:\xampp8\htdocs\electroland\app\Controllers\Home.php(65): CodeIgniter\Database\BaseBuilder->insertBatch(Array)
#7 C:\xampp8\htdocs\electroland\vendor\codeigniter4\framework\system\CodeIgniter.php(933): App\Controllers\Home->upload()
#8 C:\xampp8\htdocs\electroland\vendor\codeigniter4\framework\system\CodeIgniter.php(509): CodeIgniter\CodeIgniter->runController(Object(App\Controllers\Home))
#9 C:\xampp8\htdocs\electroland\vendor\codeigniter4\framework\system\CodeIgniter.php(355): CodeIgniter\CodeIgniter->handleRequest(NULL, Object(Config\Cache), false)
#10 C:\xampp8\htdocs\electroland\vendor\codeigniter4\framework\system\Boot.php(325): CodeIgniter\CodeIgniter->run()
#11 C:\xampp8\htdocs\electroland\vendor\codeigniter4\framework\system\Boot.php(67): CodeIgniter\Boot::runCodeIgniter(Object(CodeIgniter\CodeIgniter))
#12 C:\xampp8\htdocs\electroland\public\index.php(56): CodeIgniter\Boot::bootWeb(Object(Config\Paths))
#13 {main}
CRITICAL - 2024-08-07 08:24:08 --> CodeIgniter\Database\Exceptions\DatabaseException: Unable to connect to the database.
Main connection [MySQLi]: Access denied for user ''@'localhost' (using password: NO)
[Method: POST, Route: bulkinsert]
in SYSTEMPATH\Database\BaseConnection.php on line 467.
 1 SYSTEMPATH\Database\MySQLi\Connection.php(352): CodeIgniter\Database\BaseConnection->initialize()
 2 SYSTEMPATH\Database\BaseConnection.php(1372): CodeIgniter\Database\MySQLi\Connection->_escapeString('3.08%')
 3 SYSTEMPATH\Database\BaseConnection.php(1336): CodeIgniter\Database\BaseConnection->escapeString('3.08%')
 4 SYSTEMPATH\Database\BaseBuilder.php(1894): CodeIgniter\Database\BaseConnection->escape('3.08%')
 5 SYSTEMPATH\Database\BaseBuilder.php(2222): CodeIgniter\Database\BaseBuilder->setData([...], true)
 6 APPPATH\Controllers\Home.php(65): CodeIgniter\Database\BaseBuilder->insertBatch([...])
 7 SYSTEMPATH\CodeIgniter.php(933): App\Controllers\Home->upload()
 8 SYSTEMPATH\CodeIgniter.php(509): CodeIgniter\CodeIgniter->runController(Object(App\Controllers\Home))
 9 SYSTEMPATH\CodeIgniter.php(355): CodeIgniter\CodeIgniter->handleRequest(null, Object(Config\Cache), false)
10 SYSTEMPATH\Boot.php(325): CodeIgniter\CodeIgniter->run()
11 SYSTEMPATH\Boot.php(67): CodeIgniter\Boot::runCodeIgniter(Object(CodeIgniter\CodeIgniter))
12 FCPATH\index.php(56): CodeIgniter\Boot::bootWeb(Object(Config\Paths))
ERROR - 2024-08-07 08:25:26 --> Error connecting to the database: mysqli_sql_exception: Access denied for user ''@'localhost' (using password: NO) in C:\xampp8\htdocs\electroland\vendor\codeigniter4\framework\system\Database\MySQLi\Connection.php:187
Stack trace:
#0 C:\xampp8\htdocs\electroland\vendor\codeigniter4\framework\system\Database\MySQLi\Connection.php(187): mysqli->real_connect('localhost', '', '', 'electroland', 3306, '', 0)
#1 C:\xampp8\htdocs\electroland\vendor\codeigniter4\framework\system\Database\BaseConnection.php(421): CodeIgniter\Database\MySQLi\Connection->connect(false)
#2 C:\xampp8\htdocs\electroland\vendor\codeigniter4\framework\system\Database\MySQLi\Connection.php(352): CodeIgniter\Database\BaseConnection->initialize()
#3 C:\xampp8\htdocs\electroland\vendor\codeigniter4\framework\system\Database\BaseConnection.php(1372): CodeIgniter\Database\MySQLi\Connection->_escapeString('3.08%')
#4 C:\xampp8\htdocs\electroland\vendor\codeigniter4\framework\system\Database\BaseConnection.php(1336): CodeIgniter\Database\BaseConnection->escapeString('3.08%')
#5 C:\xampp8\htdocs\electroland\vendor\codeigniter4\framework\system\Database\BaseBuilder.php(1894): CodeIgniter\Database\BaseConnection->escape('3.08%')
#6 C:\xampp8\htdocs\electroland\vendor\codeigniter4\framework\system\Database\BaseBuilder.php(2222): CodeIgniter\Database\BaseBuilder->setData(Array, true)
#7 C:\xampp8\htdocs\electroland\app\Controllers\Home.php(65): CodeIgniter\Database\BaseBuilder->insertBatch(Array)
#8 C:\xampp8\htdocs\electroland\vendor\codeigniter4\framework\system\CodeIgniter.php(933): App\Controllers\Home->upload()
#9 C:\xampp8\htdocs\electroland\vendor\codeigniter4\framework\system\CodeIgniter.php(509): CodeIgniter\CodeIgniter->runController(Object(App\Controllers\Home))
#10 C:\xampp8\htdocs\electroland\vendor\codeigniter4\framework\system\CodeIgniter.php(355): CodeIgniter\CodeIgniter->handleRequest(NULL, Object(Config\Cache), false)
#11 C:\xampp8\htdocs\electroland\vendor\codeigniter4\framework\system\Boot.php(325): CodeIgniter\CodeIgniter->run()
#12 C:\xampp8\htdocs\electroland\vendor\codeigniter4\framework\system\Boot.php(67): CodeIgniter\Boot::runCodeIgniter(Object(CodeIgniter\CodeIgniter))
#13 C:\xampp8\htdocs\electroland\public\index.php(56): CodeIgniter\Boot::bootWeb(Object(Config\Paths))
#14 {main}

Next CodeIgniter\Database\Exceptions\DatabaseException: Access denied for user ''@'localhost' (using password: NO) in C:\xampp8\htdocs\electroland\vendor\codeigniter4\framework\system\Database\MySQLi\Connection.php:231
Stack trace:
#0 C:\xampp8\htdocs\electroland\vendor\codeigniter4\framework\system\Database\BaseConnection.php(421): CodeIgniter\Database\MySQLi\Connection->connect(false)
#1 C:\xampp8\htdocs\electroland\vendor\codeigniter4\framework\system\Database\MySQLi\Connection.php(352): CodeIgniter\Database\BaseConnection->initialize()
#2 C:\xampp8\htdocs\electroland\vendor\codeigniter4\framework\system\Database\BaseConnection.php(1372): CodeIgniter\Database\MySQLi\Connection->_escapeString('3.08%')
#3 C:\xampp8\htdocs\electroland\vendor\codeigniter4\framework\system\Database\BaseConnection.php(1336): CodeIgniter\Database\BaseConnection->escapeString('3.08%')
#4 C:\xampp8\htdocs\electroland\vendor\codeigniter4\framework\system\Database\BaseBuilder.php(1894): CodeIgniter\Database\BaseConnection->escape('3.08%')
#5 C:\xampp8\htdocs\electroland\vendor\codeigniter4\framework\system\Database\BaseBuilder.php(2222): CodeIgniter\Database\BaseBuilder->setData(Array, true)
#6 C:\xampp8\htdocs\electroland\app\Controllers\Home.php(65): CodeIgniter\Database\BaseBuilder->insertBatch(Array)
#7 C:\xampp8\htdocs\electroland\vendor\codeigniter4\framework\system\CodeIgniter.php(933): App\Controllers\Home->upload()
#8 C:\xampp8\htdocs\electroland\vendor\codeigniter4\framework\system\CodeIgniter.php(509): CodeIgniter\CodeIgniter->runController(Object(App\Controllers\Home))
#9 C:\xampp8\htdocs\electroland\vendor\codeigniter4\framework\system\CodeIgniter.php(355): CodeIgniter\CodeIgniter->handleRequest(NULL, Object(Config\Cache), false)
#10 C:\xampp8\htdocs\electroland\vendor\codeigniter4\framework\system\Boot.php(325): CodeIgniter\CodeIgniter->run()
#11 C:\xampp8\htdocs\electroland\vendor\codeigniter4\framework\system\Boot.php(67): CodeIgniter\Boot::runCodeIgniter(Object(CodeIgniter\CodeIgniter))
#12 C:\xampp8\htdocs\electroland\public\index.php(56): CodeIgniter\Boot::bootWeb(Object(Config\Paths))
#13 {main}
CRITICAL - 2024-08-07 08:25:26 --> CodeIgniter\Database\Exceptions\DatabaseException: Unable to connect to the database.
Main connection [MySQLi]: Access denied for user ''@'localhost' (using password: NO)
[Method: POST, Route: bulkinsert]
in SYSTEMPATH\Database\BaseConnection.php on line 467.
 1 SYSTEMPATH\Database\MySQLi\Connection.php(352): CodeIgniter\Database\BaseConnection->initialize()
 2 SYSTEMPATH\Database\BaseConnection.php(1372): CodeIgniter\Database\MySQLi\Connection->_escapeString('3.08%')
 3 SYSTEMPATH\Database\BaseConnection.php(1336): CodeIgniter\Database\BaseConnection->escapeString('3.08%')
 4 SYSTEMPATH\Database\BaseBuilder.php(1894): CodeIgniter\Database\BaseConnection->escape('3.08%')
 5 SYSTEMPATH\Database\BaseBuilder.php(2222): CodeIgniter\Database\BaseBuilder->setData([...], true)
 6 APPPATH\Controllers\Home.php(65): CodeIgniter\Database\BaseBuilder->insertBatch([...])
 7 SYSTEMPATH\CodeIgniter.php(933): App\Controllers\Home->upload()
 8 SYSTEMPATH\CodeIgniter.php(509): CodeIgniter\CodeIgniter->runController(Object(App\Controllers\Home))
 9 SYSTEMPATH\CodeIgniter.php(355): CodeIgniter\CodeIgniter->handleRequest(null, Object(Config\Cache), false)
10 SYSTEMPATH\Boot.php(325): CodeIgniter\CodeIgniter->run()
11 SYSTEMPATH\Boot.php(67): CodeIgniter\Boot::runCodeIgniter(Object(CodeIgniter\CodeIgniter))
12 FCPATH\index.php(56): CodeIgniter\Boot::bootWeb(Object(Config\Paths))
ERROR - 2024-08-07 08:25:47 --> Error connecting to the database: mysqli_sql_exception: Access denied for user ''@'localhost' (using password: NO) in C:\xampp8\htdocs\electroland\vendor\codeigniter4\framework\system\Database\MySQLi\Connection.php:187
Stack trace:
#0 C:\xampp8\htdocs\electroland\vendor\codeigniter4\framework\system\Database\MySQLi\Connection.php(187): mysqli->real_connect('localhost', '', '', 'electroland', 3306, '', 0)
#1 C:\xampp8\htdocs\electroland\vendor\codeigniter4\framework\system\Database\BaseConnection.php(421): CodeIgniter\Database\MySQLi\Connection->connect(false)
#2 C:\xampp8\htdocs\electroland\vendor\codeigniter4\framework\system\Database\MySQLi\Connection.php(352): CodeIgniter\Database\BaseConnection->initialize()
#3 C:\xampp8\htdocs\electroland\vendor\codeigniter4\framework\system\Database\BaseConnection.php(1372): CodeIgniter\Database\MySQLi\Connection->_escapeString('3.08%')
#4 C:\xampp8\htdocs\electroland\vendor\codeigniter4\framework\system\Database\BaseConnection.php(1336): CodeIgniter\Database\BaseConnection->escapeString('3.08%')
#5 C:\xampp8\htdocs\electroland\vendor\codeigniter4\framework\system\Database\BaseBuilder.php(1894): CodeIgniter\Database\BaseConnection->escape('3.08%')
#6 C:\xampp8\htdocs\electroland\vendor\codeigniter4\framework\system\Database\BaseBuilder.php(2222): CodeIgniter\Database\BaseBuilder->setData(Array, true)
#7 C:\xampp8\htdocs\electroland\app\Controllers\Home.php(65): CodeIgniter\Database\BaseBuilder->insertBatch(Array)
#8 C:\xampp8\htdocs\electroland\vendor\codeigniter4\framework\system\CodeIgniter.php(933): App\Controllers\Home->upload()
#9 C:\xampp8\htdocs\electroland\vendor\codeigniter4\framework\system\CodeIgniter.php(509): CodeIgniter\CodeIgniter->runController(Object(App\Controllers\Home))
#10 C:\xampp8\htdocs\electroland\vendor\codeigniter4\framework\system\CodeIgniter.php(355): CodeIgniter\CodeIgniter->handleRequest(NULL, Object(Config\Cache), false)
#11 C:\xampp8\htdocs\electroland\vendor\codeigniter4\framework\system\Boot.php(325): CodeIgniter\CodeIgniter->run()
#12 C:\xampp8\htdocs\electroland\vendor\codeigniter4\framework\system\Boot.php(67): CodeIgniter\Boot::runCodeIgniter(Object(CodeIgniter\CodeIgniter))
#13 C:\xampp8\htdocs\electroland\public\index.php(56): CodeIgniter\Boot::bootWeb(Object(Config\Paths))
#14 {main}

Next CodeIgniter\Database\Exceptions\DatabaseException: Access denied for user ''@'localhost' (using password: NO) in C:\xampp8\htdocs\electroland\vendor\codeigniter4\framework\system\Database\MySQLi\Connection.php:231
Stack trace:
#0 C:\xampp8\htdocs\electroland\vendor\codeigniter4\framework\system\Database\BaseConnection.php(421): CodeIgniter\Database\MySQLi\Connection->connect(false)
#1 C:\xampp8\htdocs\electroland\vendor\codeigniter4\framework\system\Database\MySQLi\Connection.php(352): CodeIgniter\Database\BaseConnection->initialize()
#2 C:\xampp8\htdocs\electroland\vendor\codeigniter4\framework\system\Database\BaseConnection.php(1372): CodeIgniter\Database\MySQLi\Connection->_escapeString('3.08%')
#3 C:\xampp8\htdocs\electroland\vendor\codeigniter4\framework\system\Database\BaseConnection.php(1336): CodeIgniter\Database\BaseConnection->escapeString('3.08%')
#4 C:\xampp8\htdocs\electroland\vendor\codeigniter4\framework\system\Database\BaseBuilder.php(1894): CodeIgniter\Database\BaseConnection->escape('3.08%')
#5 C:\xampp8\htdocs\electroland\vendor\codeigniter4\framework\system\Database\BaseBuilder.php(2222): CodeIgniter\Database\BaseBuilder->setData(Array, true)
#6 C:\xampp8\htdocs\electroland\app\Controllers\Home.php(65): CodeIgniter\Database\BaseBuilder->insertBatch(Array)
#7 C:\xampp8\htdocs\electroland\vendor\codeigniter4\framework\system\CodeIgniter.php(933): App\Controllers\Home->upload()
#8 C:\xampp8\htdocs\electroland\vendor\codeigniter4\framework\system\CodeIgniter.php(509): CodeIgniter\CodeIgniter->runController(Object(App\Controllers\Home))
#9 C:\xampp8\htdocs\electroland\vendor\codeigniter4\framework\system\CodeIgniter.php(355): CodeIgniter\CodeIgniter->handleRequest(NULL, Object(Config\Cache), false)
#10 C:\xampp8\htdocs\electroland\vendor\codeigniter4\framework\system\Boot.php(325): CodeIgniter\CodeIgniter->run()
#11 C:\xampp8\htdocs\electroland\vendor\codeigniter4\framework\system\Boot.php(67): CodeIgniter\Boot::runCodeIgniter(Object(CodeIgniter\CodeIgniter))
#12 C:\xampp8\htdocs\electroland\public\index.php(56): CodeIgniter\Boot::bootWeb(Object(Config\Paths))
#13 {main}
CRITICAL - 2024-08-07 08:25:47 --> CodeIgniter\Database\Exceptions\DatabaseException: Unable to connect to the database.
Main connection [MySQLi]: Access denied for user ''@'localhost' (using password: NO)
[Method: POST, Route: bulkinsert]
in SYSTEMPATH\Database\BaseConnection.php on line 467.
 1 SYSTEMPATH\Database\MySQLi\Connection.php(352): CodeIgniter\Database\BaseConnection->initialize()
 2 SYSTEMPATH\Database\BaseConnection.php(1372): CodeIgniter\Database\MySQLi\Connection->_escapeString('3.08%')
 3 SYSTEMPATH\Database\BaseConnection.php(1336): CodeIgniter\Database\BaseConnection->escapeString('3.08%')
 4 SYSTEMPATH\Database\BaseBuilder.php(1894): CodeIgniter\Database\BaseConnection->escape('3.08%')
 5 SYSTEMPATH\Database\BaseBuilder.php(2222): CodeIgniter\Database\BaseBuilder->setData([...], true)
 6 APPPATH\Controllers\Home.php(65): CodeIgniter\Database\BaseBuilder->insertBatch([...])
 7 SYSTEMPATH\CodeIgniter.php(933): App\Controllers\Home->upload()
 8 SYSTEMPATH\CodeIgniter.php(509): CodeIgniter\CodeIgniter->runController(Object(App\Controllers\Home))
 9 SYSTEMPATH\CodeIgniter.php(355): CodeIgniter\CodeIgniter->handleRequest(null, Object(Config\Cache), false)
10 SYSTEMPATH\Boot.php(325): CodeIgniter\CodeIgniter->run()
11 SYSTEMPATH\Boot.php(67): CodeIgniter\Boot::runCodeIgniter(Object(CodeIgniter\CodeIgniter))
12 FCPATH\index.php(56): CodeIgniter\Boot::bootWeb(Object(Config\Paths))
