CRITICAL - 2024-09-06 15:36:17 --> ErrorException: Undefined variable $active
[Method: GET, Route: showRoomEnterRecord]
in APPPATH/Views/showRoomEnterRecord.php on line 53.
 1 APPPATH/Views/showRoomEnterRecord.php(53): CodeIgniter\Debug\Exceptions->errorHandler()
 2 SYSTEMPATH/View/View.php(234): include('/home/wb6wawajiqqm/public_html/backend/app/Views/showRoomEnterRecord.php')
 3 SYSTEMPATH/View/View.php(237): CodeIgniter\View\View->CodeIgniter\View\{closure}()
 4 SYSTEMPATH/Common.php(1169): CodeIgniter\View\View->render()
 5 APPPATH/Controllers/Home.php(399): view()
 6 SYSTEMPATH/CodeIgniter.php(933): App\Controllers\Home->showRoomEnterRecord()
 7 SYSTEMPATH/CodeIgniter.php(509): CodeIgniter\CodeIgniter->runController()
 8 SYSTEMPATH/CodeIgniter.php(355): CodeIgniter\CodeIgniter->handleRequest()
 9 SYSTEMPATH/Boot.php(325): CodeIgniter\CodeIgniter->run()
10 SYSTEMPATH/Boot.php(67): CodeIgniter\Boot::runCodeIgniter()
11 FCPATH/index.php(56): CodeIgniter\Boot::bootWeb()
CRITICAL - 2024-09-06 16:33:26 --> CodeIgniter\Database\Exceptions\DataException: Allowed fields must be specified for model: "App\Models\MasterModel"
[Method: POST, Route: ShowRoomSave]
in SYSTEMPATH/Model.php on line 824.
 1 SYSTEMPATH/Model.php(824): CodeIgniter\Database\Exceptions\DataException::forInvalidAllowedFields()
 2 SYSTEMPATH/BaseModel.php(821): CodeIgniter\Model->doProtectFieldsForInsert()
 3 SYSTEMPATH/Model.php(802): CodeIgniter\BaseModel->insert()
 4 APPPATH/Controllers/Home.php(419): CodeIgniter\Model->insert()
 5 SYSTEMPATH/CodeIgniter.php(933): App\Controllers\Home->ShowRoomSave()
 6 SYSTEMPATH/CodeIgniter.php(509): CodeIgniter\CodeIgniter->runController()
 7 SYSTEMPATH/CodeIgniter.php(355): CodeIgniter\CodeIgniter->handleRequest()
 8 SYSTEMPATH/Boot.php(325): CodeIgniter\CodeIgniter->run()
 9 SYSTEMPATH/Boot.php(67): CodeIgniter\Boot::runCodeIgniter()
10 FCPATH/index.php(56): CodeIgniter\Boot::bootWeb()
CRITICAL - 2024-09-06 16:36:38 --> ErrorException: Array to string conversion
[Method: POST, Route: ShowRoomSave]
in APPPATH/Controllers/Home.php on line 418.
 1 APPPATH/Controllers/Home.php(418): CodeIgniter\Debug\Exceptions->errorHandler()
 2 SYSTEMPATH/CodeIgniter.php(933): App\Controllers\Home->ShowRoomSave()
 3 SYSTEMPATH/CodeIgniter.php(509): CodeIgniter\CodeIgniter->runController()
 4 SYSTEMPATH/CodeIgniter.php(355): CodeIgniter\CodeIgniter->handleRequest()
 5 SYSTEMPATH/Boot.php(325): CodeIgniter\CodeIgniter->run()
 6 SYSTEMPATH/Boot.php(67): CodeIgniter\Boot::runCodeIgniter()
 7 FCPATH/index.php(56): CodeIgniter\Boot::bootWeb()
CRITICAL - 2024-09-06 20:16:34 --> ErrorException: Attempt to read property "serialnumber" on array
[Method: GET, Route: Upload]
in APPPATH/Views/Layout.php on line 202.
 1 APPPATH/Views/Layout.php(202): CodeIgniter\Debug\Exceptions->errorHandler()
 2 SYSTEMPATH/View/View.php(234): include('/home/wb6wawajiqqm/public_html/backend/app/Views/Layout.php')
 3 SYSTEMPATH/View/View.php(237): CodeIgniter\View\View->CodeIgniter\View\{closure}()
 4 SYSTEMPATH/Common.php(1169): CodeIgniter\View\View->render()
 5 APPPATH/Controllers/Home.php(249): view()
 6 SYSTEMPATH/CodeIgniter.php(933): App\Controllers\Home->UploadData()
 7 SYSTEMPATH/CodeIgniter.php(509): CodeIgniter\CodeIgniter->runController()
 8 SYSTEMPATH/CodeIgniter.php(355): CodeIgniter\CodeIgniter->handleRequest()
 9 SYSTEMPATH/Boot.php(325): CodeIgniter\CodeIgniter->run()
10 SYSTEMPATH/Boot.php(67): CodeIgniter\Boot::runCodeIgniter()
11 FCPATH/index.php(56): CodeIgniter\Boot::bootWeb()
